# JRE version: OpenJDK Runtime Environment (11.0.10) (build 11.0.10+0-b96-7249189)
# Java VM: OpenJDK 64-Bit Server VM (11.0.10+0-b96-7249189, mixed mode, tiered, compressed oops, g1 gc, windows-amd64)
Heap:
 garbage-first heap   total 574464K, used 156025K [0x0000000080000000, 0x0000000100000000)
  region size 1024K, 5 young (5120K), 5 survivors (5120K)
 Metaspace       used 93605K, capacity 96284K, committed 96332K, reserved 1132544K
  class space    used 12303K, capacity 13345K, committed 13388K, reserved 1048576K
GC Heap History (20 events):
Event: 69.796 GC heap after
{Heap after GC invocations=41 (full 0):
 garbage-first heap   total 131072K, used 110713K [0x0000000080000000, 0x0000000100000000)
  region size 1024K, 1 young (1024K), 1 survivors (1024K)
 Metaspace       used 86936K, capacity 89040K, committed 89804K, reserved 1126400K
  class space    used 11175K, capacity 11948K, committed 12236K, reserved 1048576K
}
Event: 69.806 GC heap before
{Heap before GC invocations=41 (full 0):
 garbage-first heap   total 131072K, used 114809K [0x0000000080000000, 0x0000000100000000)
  region size 1024K, 6 young (6144K), 1 survivors (1024K)
 Metaspace       used 86943K, capacity 89042K, committed 89804K, reserved 1126400K
  class space    used 11175K, capacity 11948K, committed 12236K, reserved 1048576K
}
Event: 69.812 GC heap after
{Heap after GC invocations=42 (full 0):
 garbage-first heap   total 131072K, used 113053K [0x0000000080000000, 0x0000000100000000)
  region size 1024K, 1 young (1024K), 1 survivors (1024K)
 Metaspace       used 86943K, capacity 89042K, committed 89804K, reserved 1126400K
  class space    used 11175K, capacity 11948K, committed 12236K, reserved 1048576K
}
Event: 69.960 GC heap before
{Heap before GC invocations=42 (full 0):
 garbage-first heap   total 131072K, used 117149K [0x0000000080000000, 0x0000000100000000)
  region size 1024K, 6 young (6144K), 1 survivors (1024K)
 Metaspace       used 86955K, capacity 89044K, committed 89804K, reserved 1126400K
  class space    used 11175K, capacity 11948K, committed 12236K, reserved 1048576K
}
Event: 69.966 GC heap after
{Heap after GC invocations=43 (full 0):
 garbage-first heap   total 157696K, used 114688K [0x0000000080000000, 0x0000000100000000)
  region size 1024K, 1 young (1024K), 1 survivors (1024K)
 Metaspace       used 86955K, capacity 89044K, committed 89804K, reserved 1126400K
  class space    used 11175K, capacity 11948K, committed 12236K, reserved 1048576K
}
Event: 70.015 GC heap before
{Heap before GC invocations=43 (full 0):
 garbage-first heap   total 157696K, used 124928K [0x0000000080000000, 0x0000000100000000)
  region size 1024K, 11 young (11264K), 1 survivors (1024K)
 Metaspace       used 87169K, capacity 89291K, committed 89804K, reserved 1126400K
  class space    used 11216K, capacity 12012K, committed 12236K, reserved 1048576K
}
Event: 70.020 GC heap after
{Heap after GC invocations=44 (full 0):
 garbage-first heap   total 157696K, used 116980K [0x0000000080000000, 0x0000000100000000)
  region size 1024K, 2 young (2048K), 2 survivors (2048K)
 Metaspace       used 87169K, capacity 89291K, committed 89804K, reserved 1126400K
  class space    used 11216K, capacity 12012K, committed 12236K, reserved 1048576K
}
Event: 70.163 GC heap before
{Heap before GC invocations=45 (full 0):
 garbage-first heap   total 157696K, used 125172K [0x0000000080000000, 0x0000000100000000)
  region size 1024K, 11 young (11264K), 2 survivors (2048K)
 Metaspace       used 87924K, capacity 90166K, committed 90316K, reserved 1128448K
  class space    used 11338K, capacity 12157K, committed 12236K, reserved 1048576K
}
Event: 70.169 GC heap after
{Heap after GC invocations=46 (full 0):
 garbage-first heap   total 157696K, used 118922K [0x0000000080000000, 0x0000000100000000)
  region size 1024K, 2 young (2048K), 2 survivors (2048K)
 Metaspace       used 87924K, capacity 90166K, committed 90316K, reserved 1128448K
  class space    used 11338K, capacity 12157K, committed 12236K, reserved 1048576K
}
Event: 70.191 GC heap before
{Heap before GC invocations=46 (full 0):
 garbage-first heap   total 157696K, used 128138K [0x0000000080000000, 0x0000000100000000)
  region size 1024K, 11 young (11264K), 2 survivors (2048K)
 Metaspace       used 88029K, capacity 90327K, committed 90700K, reserved 1128448K
  class space    used 11354K, capacity 12189K, committed 12364K, reserved 1048576K
}
Event: 70.197 GC heap after
{Heap after GC invocations=47 (full 0):
 garbage-first heap   total 157696K, used 120663K [0x0000000080000000, 0x0000000100000000)
  region size 1024K, 2 young (2048K), 2 survivors (2048K)
 Metaspace       used 88029K, capacity 90327K, committed 90700K, reserved 1128448K
  class space    used 11354K, capacity 12189K, committed 12364K, reserved 1048576K
}
Event: 70.229 GC heap before
{Heap before GC invocations=47 (full 0):
 garbage-first heap   total 157696K, used 129879K [0x0000000080000000, 0x0000000100000000)
  region size 1024K, 11 young (11264K), 2 survivors (2048K)
 Metaspace       used 88040K, capacity 90327K, committed 90700K, reserved 1128448K
  class space    used 11356K, capacity 12189K, committed 12364K, reserved 1048576K
}
Event: 70.237 GC heap after
{Heap after GC invocations=48 (full 0):
 garbage-first heap   total 285696K, used 122665K [0x0000000080000000, 0x0000000100000000)
  region size 1024K, 2 young (2048K), 2 survivors (2048K)
 Metaspace       used 88040K, capacity 90327K, committed 90700K, reserved 1128448K
  class space    used 11356K, capacity 12189K, committed 12364K, reserved 1048576K
}
Event: 70.486 GC heap before
{Heap before GC invocations=49 (full 0):
 garbage-first heap   total 285696K, used 173865K [0x0000000080000000, 0x0000000100000000)
  region size 1024K, 53 young (54272K), 2 survivors (2048K)
 Metaspace       used 88871K, capacity 91107K, committed 91468K, reserved 1128448K
  class space    used 11461K, capacity 12274K, committed 12364K, reserved 1048576K
}
Event: 70.498 GC heap after
{Heap after GC invocations=50 (full 0):
 garbage-first heap   total 285696K, used 131779K [0x0000000080000000, 0x0000000100000000)
  region size 1024K, 7 young (7168K), 7 survivors (7168K)
 Metaspace       used 88871K, capacity 91107K, committed 91468K, reserved 1128448K
  class space    used 11461K, capacity 12274K, committed 12364K, reserved 1048576K
}
Event: 70.659 GC heap before
{Heap before GC invocations=50 (full 0):
 garbage-first heap   total 285696K, used 184003K [0x0000000080000000, 0x0000000100000000)
  region size 1024K, 59 young (60416K), 7 survivors (7168K)
 Metaspace       used 90006K, capacity 92517K, committed 92620K, reserved 1128448K
  class space    used 11707K, capacity 12705K, committed 12748K, reserved 1048576K
}
Event: 70.676 GC heap after
{Heap after GC invocations=51 (full 0):
 garbage-first heap   total 285696K, used 140948K [0x0000000080000000, 0x0000000100000000)
  region size 1024K, 8 young (8192K), 8 survivors (8192K)
 Metaspace       used 90006K, capacity 92517K, committed 92620K, reserved 1128448K
  class space    used 11707K, capacity 12705K, committed 12748K, reserved 1048576K
}
Event: 70.764 GC heap before
{Heap before GC invocations=51 (full 0):
 garbage-first heap   total 285696K, used 195220K [0x0000000080000000, 0x0000000100000000)
  region size 1024K, 61 young (62464K), 8 survivors (8192K)
 Metaspace       used 90869K, capacity 93495K, committed 93644K, reserved 1130496K
  class space    used 11893K, capacity 12914K, committed 13004K, reserved 1048576K
}
Event: 70.780 GC heap after
{Heap after GC invocations=52 (full 0):
 garbage-first heap   total 285696K, used 150163K [0x0000000080000000, 0x0000000100000000)
  region size 1024K, 8 young (8192K), 8 survivors (8192K)
 Metaspace       used 90869K, capacity 93495K, committed 93644K, reserved 1130496K
  class space    used 11893K, capacity 12914K, committed 13004K, reserved 1048576K
}
Event: 71.604 GC heap before
{Heap before GC invocations=53 (full 0):
 garbage-first heap   total 285696K, used 203411K [0x0000000080000000, 0x0000000100000000)
  region size 1024K, 61 young (62464K), 8 survivors (8192K)
 Metaspace       used 93605K, capacity 96284K, committed 96332K, reserved 1132544K
  class space    used 12303K, capacity 13345K, committed 13388K, reserved 1048576K
}

